1
BY
Gennady Korotkevich	
778	
Gold
2
BG
Rumen Hristov	
749	
Gold
3
PL
Adrian Jaskolka	
736	
Gold
4
US
Wenyu Cao	
735	
Gold
5
US
Michael Cohen	
720	
Gold
6
CA
Robin Cheng	
717	
Gold
7
GE
Tsotne Tabidze	
710	
Gold
8
CZ
David Klaska	
709	
Gold
9
JP
Shogo Murai	
708	
Gold
10
CN
Qiwei Feng	
707	
Gold
11
CN
Luhang Lai	
706	
Gold
12
TH
Pasin Manurangsi	
704	
Gold
13
US
Neal Wu	
700	
Gold
14
DE
Simon Burger	
697	
Gold
15
HR
Ivica Kicic	
694	
Gold
16
CZ
Hynek Jemelik	
693	
Gold
17
JP
Masaki Hara	
693	
Gold
18
BG
Vladislav Haralampiev	
693	
Gold
19
DE
Fabian Gundlach	
692	
Gold
20
CA
Aurick Qiao	
691	
Gold
21
TW
Ting-Wei Chen	
690	
Gold
22
KR
Dong Gu Kang	
689	
Gold
23
RU
Mikhail Pyaderkin	
687	
Gold
24
SG
Raymond Kang Seng Ing	
687	
Gold
25
IR
Ali Babaei Chshmehahmadrezaei	
686	
Gold
26
RU
Sergey Fedorov	
686	
Gold
27
PL
Anna Piekarska	
685	
Silver
28
HU
Attila Dankovics	
685	
Silver
29
SG
Chin Zhan Xiong	
685	
Silver
30
CN
Yuchao Pan	
685	
Silver
31
HK
Chak Fai Yuen	
684	
Silver
32
CN
Yi Wu	
683	
Silver
33
LT
Marijonas Petrauskas	
682	
Silver
34
IT
Giovanni Paolini	
679	
Silver
35
PL
Jan Kanty Milczek	
678	
Silver
36
RU
Roman Andreev	
678	
Silver
37
RU
Gleb Evstropov	
675	
Silver
38
DK
Mathias Tejs Knudsen	
675	
Silver
39
RO
Bogdan-Cristian Tataroiu	
674	
Silver
40
TH
Veerakan Sinthaveelertmongkol	
674	
Silver
41
SE
Simon Lindholm	
673	
Silver
42
IT
Massimo Cairo	
671	
Silver
43
TR
Baris Kaya	
667	
Silver
44
US
Brian Hamrick	
666	
Silver
45
HK
Man Hin Jeffrey Hon	
664	
Silver
46
TH
Suthee Ruangwises	
664	
Silver
47
CA
Tyson Andre	
661	
Silver
48
IN
Anish Shankar	
660	
Silver
49
TW
Chun-Pai Yang	
660	
Silver
50
SK
Jan Hozza	
657	
Silver
51
EG
Emad Farag William	
656	
Silver
52
JP
Kensuke Imanishi	
656	
Silver
53
CZ
Vlastimil Dort	
656	
Silver
54
NL
Bas Nieuwenhuizen	
655	
Silver
55
UA
Yevgen Vasyliv	
648	
Silver
56
LV
Eduards Kalinicenko	
645	
Silver
57
BR
Felipe Abella Cavalcante Mendonca de Souza	
645	
Silver
58
HR
Ivan Katanic	
644	
Silver
59
IN
Keshav Dhandhania	
641	
Silver
60
TW
Jui-Min Lee	
640	
Silver
61
SK
Tomas Belan	
639	
Silver
62
JP
Hiroshi Yamashita	
637	
Silver
63
HR
Stjepan Glavina	
637	
Silver
64
SI
Ziga Ham	
635	
Silver
65
ID
Alham Fikri Aji	
634	
Silver
66
CA
Brian Bi	
634	
Silver
67
IR
Mehrdad Tahmasbi	
631	
Silver
68
IR
Seyed Mehran Kholdi	
631	
Silver
69
BG
Anton Georgiev Anastasov	
630	
Silver
70
HU
Andras Meszaros	
628	
Silver
71
FI
Johannes Laire	
626	
Silver
72
ID
Ashar Fuadi	
623	
Silver
73
AR
Martin Fixman	
622	
Silver
74
DE
Aaron Montag	
621	
Silver
75
LV
Normunds Vilcins	
621	
Silver
76
TW
Yu-Hsuan Lai	
621	
Silver
77
HR
Adrian Satja Kurdija	
620	
Silver
78
KR
Dooho Chang	
620	
Silver
79
FR
Simon Forest	
620	
Silver
80
ZA
Sean Wentzel	
619	
Bronze
81
RS
Boris Grubic	
618	
Bronze
82
RO
Vlad Alexandru Gavrila	
616	
Bronze
83
LT
Kestutis Vilcinskas	
614	
Bronze
84
BY
Aliaksei Kolesau	
612	
Bronze
85
TR
Bugrahan Sahin	
612	
Bronze
86
IL
Gal Dor	
611	
Bronze
87
LV
Peteris Erins	
611	
Bronze
88
CA
Jacob Plachta	
610	
Bronze
89
BR
Renato Ferreira Pinto Junior	
610	
Bronze
90
KR
Myungwoo Chun	
608	
Bronze
91
KR
Wonryong Ryou	
608	
Bronze
92
LT
Matas Brazdeikis	
606	
Bronze
93
AT
Christoph Sperl	
604	
Bronze
94
RO
Andrei-Bogdan Parvu	
603	
Bronze
95
TH
Sarun Paisarnsrisomsuk	
602	
Bronze
96
BR
Andre Hahn Pereira	
601	
Bronze
97
IR
Behrouz Rabiee	
600	
Bronze
98
RS
Dusan Zdravkovic	
600	
Bronze
99
GR
Gerasimos Arsenis	
600	
Bronze
100
MK
Predrag Gruevski	
600	
Bronze
101
BY
Yauheni Hrytskevich	
600	
Bronze
102
LV
Olegs Osmjans	
598	
Bronze
103
CZ
Jan Polasek	
596	
Bronze
104
RO
Victor Ionescu	
596	
Bronze
105
ID
Christianto Handojo	
595	
Bronze
106
AU
Evgeny Martynov	
594	
Bronze
107
RS
Nemanja Trifunovic	
592	
Bronze
108
IN
Siddharth Krishna	
592	
Bronze
109
AR
Ariel Zylber	
588	
Bronze
110
NL
David Venhoek	
586	
Bronze
111
HU
Marton Hunyady	
586	
Bronze
112
PL
Igor Adamski	
584	
Bronze
113
NZ
James McCloskey	
584	
Bronze
114
VN
Tuan Anh Tran	
584	
Bronze
115
TR
Cihad Oge	
583	
Bronze
116
UA
Vitalii Demianiuk	
582	
Bronze
117
EE
Morten Piibeleht	
579	
Bronze
118
ZA
Graham Manuell	
577	
Bronze
119
CA
Zhi Qiang Liu	
577	
Bronze
120
FR
Paul Kirchner	
575	
Bronze
121
HK
Man Lok Wong	
574	
Bronze
122
ES
Dario Nieuwenhuis	
573	
Bronze
123
IL
Rotem Liss	
572	
Bronze
124
AM
Hayk Tepanyan	
571	
Bronze
125
KZ
Ali-Amir Aldan	
567	
Bronze
126
AU
Luke Harrison	
566	
Bronze
127
BG
Mihail Hristov Kovachev	
566	
Bronze
128
SG
Shen Chuanqi	
566	
Bronze
129
IN
Archit Karandikar	
565	
Bronze
130
TR
Osman Aka	
565	
Bronze
131
BY
Pavel Kalinnikov	
565	
Bronze
132
SK
Ladislav Baco	
562	
Bronze
133
EG
Omar Ahmed Ali ElAzazy	
562	
Bronze
134
NZ
Boris Pfahringer	
560	
Bronze
135
SG
Daniel Wong Lin Kit	
560	
Bronze
136
UA
Mark Lavrynenko	
560	
Bronze
137
GB
Diggory Blake	
558	
Bronze
138
FI
Nuutti Holtta	
554	
Bronze
139
EE
Jaagup Repan	
553	
Bronze
140
BA
Damir Ferizovic	
550	
Bronze
141
CO
Rafael Mantilla	
548	
Bronze
142
ZA
Jacobus Conradie	
547	
Bronze
143
SY
Kinan Mamoon Al Sarmini	
547	
Bronze
144
AM
Aleksandr Chatrchyan	
546	
Bronze
145
ZA
Jacobus Van der Merwe	
546	
Bronze
146
NL
Matthijs Tijink	
546	
Bronze
147
IL
Daniel Hadas	
545	
Bronze
148
SK
Matej Balog	
544	
Bronze
149
KZ
Madiyar Aitbayev	
541	
Bronze
150
NZ
Logan Glasson	
540	
Bronze
151
IT
Alessandro Dovis	
538	
Bronze
152
KZ
Ali Dautalinov	
538	
Bronze
153
HU
Zsolt Wagner	
536	
None
155
ID
Harta Wijaya	
532	
Ничего
156
CH
Alain Vaucher	
531	
Ничего
157
MX
Hugo Duenas Orozco	
528	
Ничего
158
BA
Adnan Ademovic	
526	
Ничего
159
CA
Cyril Zhang	
526	
Ничего
160
IL
Aviel Atias	
524	
Ничего
161
EG
Ahmed Salem Ezzat	
521	
Ничего
162
SE
Jonas Olsson	
521	
Ничего
163
CH
Josef Ziegler	
521	
Ничего
164
AT
David Madl	
520	
Ничего
165
SE
David Borg	
518	
Ничего
166
SE
Emil Lenngren	
518	
Ничего
167
CA
Jonathan Zung	
516	
Ничего
168
CU
Leandro Castillo Valdes	
514	
Ничего
169
AU
Robert Newey	
514	
Ничего
170
ES
Ferran Alet	
513	
Ничего
171
FR
Amaury De la vieuville	
510	
Ничего
172
BR
Caique Lira	
505	
Ничего
173
AR
Gonzalo Avila Alterach	
505	
Ничего
174
MX
Saul German Gutierrez Calderon	
505	
Ничего
175
GB
James Stanley	
503	
Ничего
176
AU
Kenneth Kok Ming Wong	
501	
Ничего
177
VN
Toan Nguyen	
501	
Ничего
178
PT
Francisco Huhn	
499	
Ничего
179
SI
Matej Aleksandrov	
498	
Ничего
180
MK
Hristijan Bogoevski	
494	
Ничего
181
DE
Klaas-Hendrik Poelstra	
491	
Ничего
182
AR
Lucas Tavolaro Ortiz	
489	
Ничего
183
GE
Mariam Kobiashvili	
487	
Ничего
184
GE
Nika Begiashvili	
485	
Ничего
185
FI
Joonas Haapala	
484	
Ничего
186
RS
Luka Milicevic	
478	
Ничего
187
SI
Matjaz Leonardis	
475	
Ничего
188
MX
Flavio Hernandez Gonzalez	
473	
Ничего
189
GE
Nodari Ambroladze	
470	
Ничего
190
UA
Sergii Nagin	
461	
Ничего
191
LT
Antanas Ursulis	
460	
Ничего
192
EG
Hosam Zarara	
460	
Ничего
193
FR
Jules Pondard	
460	
Ничего
194
BE
Benoit Legat	
459	
Ничего
195
KZ
Azizkhan Almakhan	
458	
Ничего
196
ES
Oscar Lozano	
456	
Ничего
197
FI
Santtu Keskinen	
444	
Ничего
198
VN
Khanh Thai	
441	
Ничего
199
PT
Rafael Schimassek	
441	
Ничего
200
TM
Yhlas Beghanov	
441	
Ничего
201
VN
Viet Anh Ho	
435	
Ничего
202
NL
Laurent van den Bos	
434	
Ничего
203
GB
Joseph Hermaszewski	
430	
Ничего
204
SY
Haidar Abboud	
429	
Ничего
205
MD
Maxim Ciuntu	
428	
Ничего
206
ES
David Balaghi	
422	
Ничего
207
AT
Michael Rader	
422	
Ничего
208
CH
Timon Gehr	
422	
Ничего
209
CO
Diego Niquefa	
417	
Ничего
210
GR
Kyriakos Axiotis	
416	
Ничего
211
PT
Rodrigo Gomes	
407	
Ничего
212
NZ
Tony Sun	
406	
Ничего
213
MD
Daniel Mogoreanu	
404	
Ничего
214
MD
Iulian Gramatki	
403	
Ничего
215
HK
Tak Hei Yu	
399	
Ничего
216
SY
Khaled Koutini	
396	
Ничего
217
BD
Sakib Shafayat	
396	
Ничего
218
BA
Amer Mesanovic	
395	
Ничего
219
BA
Daniel Ferizovic	
392	
Ничего
220
MK
Mladen Dimovski	
392	
Ничего
221
AZ
Azad Salahli	
391	
Ничего
222
DK
Nikolaj Kammersgaard	
391	
Ничего
223
LU
Marc Radinovic	
390	
Ничего
224
BE
Charles Hubain	
388	
Ничего
225
MN
Naranbayar Uuganbayar	
387	
Ничего
226
MK
Jovan Krajevski	
386	
Ничего
227
TJ
Mikhail Panyavin	
386	
Ничего
228
LK
Navin Gunathillaka	
386	
Ничего
229
MO
Hoi Meng Lei	
384	
Ничего
230
CH
Samuel Grutter	
379	
Ничего
231
GB
Sunoo Eleanor Park	
379	
Ничего
232
PT
David Ferreira	
376	
Ничего
233
BE
Guillaume Derval	
376	
Ничего
234
DK
Asbjorn Nordentoft	
373	
Ничего
235
CO
Jaime Silva	
368	
Ничего
236
MX
Diego Caudillo Amador	
362	
Ничего
237
AM
Armen Vardanyan	
346	
Ничего
238
MO
Lei Hou Hoi	
345	
Ничего
239
TT
Bjorn Ramroop	
339	
Ничего
240
EE
Ago Allikmaa	
338	
Ничего
241
DK
Jeppe Petersen	
336	
Ничего
242
GR
Alexandros Tasos	
335	
Ничего
243
MO
Hou Meng Ip	
329	
Ничего
244
AT
Fabian Hammerle	
328	
Ничего
245
CY
Marios Hadjimichael	
326	
Ничего
246
MO
Chou Lun Leong	
318	
Ничего
247
CU
Javier Noa Turnes	
315	
Ничего
248
BE
Joseph Lange	
303	
Ничего
249
SI
Klemen Kloboves	
300	
Ничего
250
VE
Ricardo Jose Tovar Montero	
300	
Ничего
251
GH
Elias Konadu Awudu	
296	
Ничего
252
LU
Gilles Englebert	
295	
Ничего
253
MN
Janchiv Bat-Erdene	
295	
Ничего
254
CO
Christian Zuluaga	
290	
Ничего
255
GR
Nikolaos Tzamos	
283	
Ничего
256
LU
Jeff Wagner	
279	
Ничего
257
AM
Eduard Grigoryan	
275	
Ничего
258
MN
Gantushig Bayasgalan	
265	
Ничего
259
AZ
Zaur Abbasbayli	
254	
Ничего
260
MD
Victor Ciuntu	
252	
Ничего
261
LU
Christophe Schmol	
251	
Ничего
262
MN
Chinbold Gansukh	
250	
Ничего
263
MG
Sandratra Herimanana Andrianirina	
250	
Ничего
264
TT
John Chen	
247	
Ничего
265
AE
Omran Alrawahi	
240	
Ничего
266
IE
Donncha O Cearbhaill	
238	
Ничего
267
AZ
Allahverdi Suleymanov	
225	
Ничего
268
AZ
Elshan Hajiyev	
225	
Ничего
269
AL
Klevis Mino	
225	
Ничего
270
AL
Ledio Berdellima	
225	
Ничего
271
AE
Husain Alshehhi	
205	
Ничего
272
SY
Doried Abdallah	
200	
Ничего
273
VE
Huberto Jose Rodrigues Garcia	
177	
Ничего
274
TM
Umyt Gurbanov	
175	
Ничего
275
NG
Komioluwa Ajenifuja	
168	
Ничего
276
MG
Hasintsoa Andriamparany	
156	
Ничего
277
SA
Muhammad Alahmdi	
151	
Ничего
278
SA
Abdullah Alhazmy	
150	
Ничего
279
IE
Jared Auty	
150	
Ничего
280
GH
Jonathan Mishiame	
150	
Ничего
281
VE
Rafael Agustin Perez Mendoza	
150	
Ничего
282
LY
Amna AboTurkia	
100	
Ничего
283
LY
Eyman Gabril	
100	
Ничего
284
KW
Talal Alsheqaih	
100	
Ничего
285
LY
Wafa Elshibani	
100	
Ничего
286
AE
Rashed AlJaberi	
87	
Ничего
287
TM
Jemshit Geldiyev	
78	
Ничего
288
CY
Georgios Illampas	
63	
Ничего
289
CY
Ioanna Mousikou	
60	
Ничего
290
MG
Tsitohaina Zoara Lalao	
60	
Ничего
291
KW
Abdulaziz Alqallaf	
58	
Ничего
292
CY
Talia Tseriotou	
50	
Ничего
293
TT
Zachary Subran-Ganesh	
50	
Ничего
294
KW
Abdalla Mohammed	
0	
Ничего
295
SA
Abdulrahman Alhazmy	
0	
Ничего
296
GH
Cecil Arthur	
0	
Ничего
297
NG
Daisy Isibor	
0	
Ничего
298
KW
Ebraheem Ashkanani	
0	
Ничего
299
MG
Mamy Nambinina Randrianarisoa	
0	
Ничего
300
LY
Masoud Abuadba	
0	
Ничего
301
SA
Saeed Alhudaifi	
0
Ничего
