1
BY
Gennady Korotkevich	
600	
Gold
2
CN
Haoqiang Fan	
599	
Gold
3
BR
Felipe Abella Cavalcante Mendonca de Souza	
598	
Gold
4
RU
Pavel Kunyavskiy	
598	
Gold
5
RU
Alexander Timin	
567	
Gold
6
US
Wenyu Cao	
566	
Gold
7
CN
Erjin Zhou	
552	
Gold
8
PL
Jan Kanty Milczek	
548	
Gold
9
FR
Paul Kirchner	
539	
Gold
10
CN
Zhongtian Jiang	
536	
Gold
11
TW
Jui-Min Lee	
533	
Gold
12
BG
Rumen Hristov	
533	
Gold
13
HR
Ivica Kicic	
526	
Gold
14
HR
Ivan Katanic	
524	
Gold
15
TH
Pasin Manurangsi	
524	
Gold
16
JP
Shogo Murai	
524	
Gold
17
US
Johnny Ho	
518	
Gold
18
SG
Raymond Kang Seng Ing	
507	
Gold
19
US
Albert Gu	
497	
Gold
20
TW
Shih-Wei Liu	
493	
Gold
21
TR
Baris Kaya	
491	
Gold
22
LV
Eduards Kalinicenko	
491	
Gold
23
VN
Linh Vuong Nguyen	
488	
Gold
24
TH
Sorawit Suriyakarn	
483	
Gold
25
TW
Meng-Huan Yu	
480	
Gold
26
HR
Gustav Matula	
478	
Gold
27
PL
Piotr Karol Bejda	
478	
Gold
28
JP
Masaki Hara	
471	
Silver
29
IR
Seyed Mehran Kholdi	
471	
Silver
30
CZ
Filip Hlasek	
467	
Silver
31
HU
Attila Dankovics	
464	
Silver
32
CO
Rafael Mantilla	
458	
Silver
33
JP
Shinya Shiroshita	
458	
Silver
34
IL
Daniel Hadas	
456	
Silver
35
RO
Vlad Alexandru Gavrila	
456	
Silver
36
CH
Nikola Djokic	
450	
Silver
37
BG
Vladislav Haralampiev	
450	
Silver
38
SY
Kinan Mamoon Al Sarmini	
447	
Silver
39
HK
Pak Hay Chan	
443	
Silver
40
BY
Sergey Kulik	
443	
Silver
41
TW
Po-Cheng Chu	
440	
Silver
42
RU
Dmitry Egorov	
438	
Silver
43
US
Nathan Pinsker	
438	
Silver
44
RU
Egor Suvorov	
436	
Silver
45
KR
Myungwoo Chun	
431	
Silver
46
BY
Adam Bardashevich	
428	
Silver
47
SK
Jan Hozza	
428	
Silver
48
EG
Omar Ahmed Ali ElAzazy	
428	
Silver
49
RO
Adrian Budau	
420	
Silver
50
CZ
Hynek Jemelik	
419	
Silver
51
LT
Marijonas Petrauskas	
418	
Silver
52
TR
Bugrahan Sahin	
416	
Silver
53
SK
Matej Balog	
416	
Silver
54
JP
Kensuke Imanishi	
412	
Silver
55
KZ
Ali-Amir Aldan	
408	
Silver
56
RO
Andrei Purice	
408	
Silver
57
EG
Emad Farag William	
407	
Silver
58
PL
Lukasz Jocz	
407	
Silver
59
NL
Bas Nieuwenhuizen	
401	
Silver
60
VN
Nguyen Tan Sy Nguyen	
401	
Silver
61
UA
Sergii Nagin	
401	
Silver
62
IR
Sajad Jalali Nedoushani	
399	
Silver
63
CN
Yichao Zhou	
396	
Silver
64
SG
Chin Zhan Xiong	
395	
Silver
65
RS
Boris Grubic	
394	
Silver
66
CZ
Jakub Zika	
391	
Silver
67
IR
Kasra Edalatnejad Khamene	
385	
Silver
68
CA
Ziting Yu	
383	
Silver
69
TH
Witchakorn Kamolpornwijit	
381	
Silver
70
AU
Evgeny Martynov	
377	
Silver
71
KR
Taegyu Lee	
377	
Silver
72
DE
Tobias Lenz	
377	
Silver
73
BY
Uladzislau Padtsiolkin	
377	
Silver
74
IN
Akashnil Dutta	
373	
Silver
75
IL
Aviel Atias	
373	
Silver
76
KR
Seung Yong Lee	
370	
Silver
77
LT
Kestutis Vilcinskas	
369	
Bronze
78
TH
Varot Premtoon	
369	
Bronze
79
GE
Tsotne Tabidze	
368	
Bronze
80
KZ
Ali Dautalinov	
367	
Bronze
81
SI
Matjaz Leonardis	
367	
Bronze
82
UA
Yevgen Vasyliv	
367	
Bronze
83
EG
Ahmed Salem Ezzat	
366	
Bronze
84
UA
Andrii Makar	
366	
Bronze
85
ID
Frederikus Hudi	
366	
Bronze
86
IT
Luca Wehrstedt	
366	
Bronze
87
BA
Damir Ferizovic	
365	
Bronze
88
VN
Minh Tue Khac Le	
365	
Bronze
89
MK
Predrag Gruevski	
365	
Bronze
90
BR
Renato Ferreira Pinto Junior	
365	
Bronze
91
BG
Yordan Chaparov	
361	
Bronze
92
BR
Marcos Massayuki Kawakami	
360	
Bronze
93
CA
Daniel Hui	
354	
Bronze
94
HK
Man Lok Wong	
354	
Bronze
95
ES
Dario Nieuwenhuis	
352	
Bronze
96
SG
Shen Chuanqi	
352	
Bronze
97
PL
Krzysztof Leszczynski	
350	
Bronze
98
HU
Agoston Weisz	
348	
Bronze
99
BE
Benoit Legat	
348	
Bronze
100
BG
Georgi Georgiev	
348	
Bronze
101
ES
Ferran Alet	
347	
Bronze
102
AR
Lucas Tavolaro Ortiz	
347	
Bronze
103
SG
Hubert Teo Hua Kian	
345	
Bronze
104
TH
Jirayu Luewetwanit	
343	
Bronze
105
HR
Matija Milisic	
342	
Bronze
106
EE
Jaagup Repan	
341	
Bronze
107
MX
Saul German Gutierrez Calderon	
337	
Bronze
108
IR
Mohammad Reza Kasnavi Yazdi	
336	
Bronze
109
DE
Aaron Montag	
335	
Bronze
110
KZ
Madi Khamitbekov	
334	
Bronze
111
HK
Michael Chun Chi Tsang	
334	
Bronze
112
SE
Emil Lenngren	
331	
Bronze
113
FR
Jules Pondard	
329	
Bronze
114
BR
Caique Lira	
327	
Bronze
115
AU
Eliot Daniel Courtney	
326	
Bronze
116
PT
Rodrigo Gomes	
323	
Bronze
117
DE
Johannes Bader	
322	
Bronze
118
FI
Andrei Cramariuc	
320	
Bronze
119
NZ
Logan Glasson	
316	
Bronze
120
AU
Robert Newey	
316	
Bronze
121
ZA
Vaughan Robert Newton	
316	
Bronze
122
KZ
Vyacheslav Kim	
316	
Bronze
123
IN
Ajay Ravindran	
315	
Bronze
124
CA
Cyril Zhang	
314	
Bronze
125
LT
Karolis Greblikas	
313	
Bronze
126
GR
Kyriakos Axiotis	
313	
Bronze
127
HK
Tsun Au Yeung	
313	
Bronze
128
NL
Kees Ligtenberg	
310	
Bronze
129
AU
Michael Chen	
308	
Bronze
130
TJ
Mikhail Panyavin	
305	
Bronze
131
DK
Jeppe Bjorn Hallgren	
303	
Bronze
132
AZ
Azad Salahli	
299	
Bronze
133
VN
Yen Hoang Nguyen	
299	
Bronze
134
ZA
Benjamin Dawid Swart	
296	
Bronze
135
SE
Jonas Olsson	
296	
Bronze
136
MX
Alain Acevedo	
294	
Bronze
137
AM
Armen Vardanyan	
294	
Bronze
138
CO
Jaime Silva	
294	
Bronze
139
SK
Michal Anderle	
294	
Bronze
140
TH
Veerakan Sinthaveelertmongkol	
294	
Bronze
141
RS
Dusan Zdravkovic	
291	
Bronze
142
MX
Ethan Jimenez	
291	
Bronze
143
KR
Hoseok Ryu	
291	
Bronze
144
SE
Marten Wiman	
291	
Bronze
145
MK
Hristijan Bogoevski	
290	
Bronze
146
TH
Laphonchai Jirachuphun	
288	
Bronze
147
NZ
James McCloskey	
280	
Bronze
148
CO
Diego Niquefa	
279	
Bronze
149
ID
William Gozali	
279	
Bronze
150
CA
Kevin Yeo	
278	
Bronze
151
FI
Johannes Laire	
276	
Bronze
152
GB
Diggory Blake	
272	
Bronze
153
TR
Erman Koseoglu	
270	
Bronze
154
TR
Abdullah Alperen	
267	
Bronze
155
BA
Daniel Ferizovic	
266	
None
157
IT
Giovanni Campagna	
265	
Ничего
158
IT
Giuliano Gregori	
265	
Ничего
159
DK
Jakob B?k Tejs Knudsen	
265	
Ничего
160
RS
Nikola Smiljkovic	
265	
Ничего
161
DE
Patrick Klitzke	
265	
Ничего
162
FR
Georges-Axel Jaloyan	
262	
Ничего
163
AR
Lucas Agudiez	
262	
Ничего
164
AT
Markus Hasenohrl	
262	
Ничего
165
ID
Reinhart Abdiel Hermanus	
262	
Ничего
166
AM
Tigran Mamikonyan	
262	
Ничего
167
HU
Zoltan Szenczi	
262	
Ничего
168
IT
Tommaso Spano	
261	
Ничего
169
CH
Lasar Todorovic	
260	
Ничего
170
HU
Tamas Danyluk	
260	
Ничего
171
UA
Andrii Kashyn	
259	
Ничего
172
RO
Mihai-Dan Gheorghe	
253	
Ничего
173
CH
Cyril Frei	
249	
Ничего
174
LV
Karlis Senko	
248	
Ничего
175
SK
Marian Hornak	
248	
Ничего
176
CH
Stefan Lippuner	
247	
Ничего
177
AM
Eduard Grigoryan	
245	
Ничего
178
NZ
Tony Sun	
245	
Ничего
179
ID
Jessica Handojo	
244	
Ничего
180
CZ
Lukas Folwarczny	
242	
Ничего
181
AT
Thomas Tangl	
242	
Ничего
182
EE
Ago Allikmaa	
240	
Ничего
183
EE
Ants Remm	
240	
Ничего
184
CO
Diego Caballero	
240	
Ничего
185
TH
Worapat Jarangkul	
240	
Ничего
186
DK
Esben Andersen Sorig	
236	
Ничего
187
LU
Jeff Wagner	
236	
Ничего
188
MN
Janchiv Bat-Erdene	
233	
Ничего
189
MK
Jovan Krajevski	
232	
Ничего
190
LK
Navin Gunathillaka	
232	
Ничего
191
GB
Robin George Lee	
232	
Ничего
192
IN
Abhratanu Dutta	
223	
Ничего
193
MX
Flavio Hernandez Gonzalez	
223	
Ничего
194
AT
Fabian Hammerle	
218	
Ничего
195
GE
Jimsher Skhirtladze	
218	
Ничего
196
MK
Dejan Bozhinovski	
216	
Ничего
197
SI
Klemen Kloboves	
216	
Ничего
198
FR
Mendes Oulamara	
215	
Ничего
199
GE
Nika Nadiradze	
214	
Ничего
200
SE
Anton Grensjo	
211	
Ничего
201
EE
Karl-Aksel Puulmann	
211	
Ничего
202
RS
Aleksa Stankovic	
207	
Ничего
203
GB
Sean Quah	
203	
Ничего
204
ES
David Balaghi	
202	
Ничего
205
ZA
Yaseen Hamdulay	
202	
Ничего
206
TM
Amangeldi Meretglychov	
200	
Ничего
207
SY
Haidar Abboud	
200	
Ничего
208
GR
Christos Porios	
199	
Ничего
209
LT
Ignas Rudaitis	
196	
Ничего
210
LV
Eriks Gopaks	
196	
Ничего
211
IN
Amartya Shankha Biswas	
190	
Ничего
212
GR
Evangelos Kipouridis	
190	
Ничего
213
FI
Jasse Lahdenpera	
190	
Ничего
214
AM
Robert Davtyan	
190	
Ничего
215
PT
Pedro Paredes	
187	
Ничего
216
LK
Rajith Vidanaarachchi	
182	
Ничего
217
NO
Jonas Irgens Kylling	
181	
Ничего
218
DK
Svend Christian Svendsen	
181	
Ничего
219
LK
Yasith Vidanaarachchi	
181	
Ничего
220
IL
Shahar Mizrahi	
178	
Ничего
221
ES
Ezequiel Santamaria	
174	
Ничего
222
MN
Naranbayar Uuganbayar	
174	
Ничего
223
MD
Victor Ciuntu	
173	
Ничего
224
EG
Ahmed Mohamed Kamel	
172	
Ничего
225
GB
Cheng Sun	
172	
Ничего
226
AT
Sebastian Wagner	
169	
Ничего
227
MO
Chou Lun Leong	
165	
Ничего
228
BD
Fahim Zubayer	
165	
Ничего
229
NL
Patrick Kostjens	
164	
Ничего
230
LU
Pol Roger Albert Welter	
162	
Ничего
231
NO
Julian Jark	
155	
Ничего
232
ZA
Kieren Paul Davies	
153	
Ничего
233
BE
Victor Lecomte	
148	
Ничего
234
PT
Afonso Santos	
147	
Ничего
235
MN
Byambadorj Puntsag	
145	
Ничего
236
SY
Abdulbaset Hassan Aljoudi	
141	
Ничего
237
NZ
Tom Levy	
136	
Ничего
238
MN
Gantushig Bayasgalan	
135	
Ничего
239
IL
Tom Kalvari	
134	
Ничего
240
VE
Ricardo Jose Tovar Montero	
130	
Ничего
241
LV
Aleksejs Popovs	
128	
Ничего
242
KG
Nurdoolot Aitaliev	
128	
Ничего
243
LU
Gilles Englebert	
127	
Ничего
244
AZ
Ali Karimli	
121	
Ничего
245
BD
Bristy Sikder	
119	
Ничего
246
LU
Jerome Eric Urhausen	
118	
Ничего
247
MD
Ion Caliman	
111	
Ничего
248
TJ
Akramzhon Azamov	
106	
Ничего
249
MD
Andrian Moroi	
106	
Ничего
250
MO
Sek Hou Leong	
106	
Ничего
251
BA
Hajrudin Coralic	
95	
Ничего
252
SI
Ernest Belicic	
87	
Ничего
253
NL
Jorrit Dorrestijn	
86	
Ничего
254
AL
Ledio Berdellima	
86	
Ничего
255
IE
Shane Martin Walsh	
83	
Ничего
256
GR
Nikolaos Tzamos	
81	
Ничего
257
KG
Sultanbek Baibagyshev	
78	
Ничего
258
SI
Jure Slak	
71	
Ничего
259
BE
Laurens Dewaele	
69	
Ничего
260
MO
Lei Hou Hoi	
69	
Ничего
261
BA
Asmir Avdicevic	
62	
Ничего
262
KW
Muhsen Hazem Saleh	
61	
Ничего
263
TM
Merdan Gurbangylyjow	
60	
Ничего
264
IE
Sam Ivan Hugh Boles	
60	
Ничего
265
KG
Shakarim Kalandarov	
60	
Ничего
266
CY
Ioanna Mousikou	
53	
Ничего
267
ME
Vuk Pejovic	
53	
Ничего
268
MD
Nicusor Chiciuc	
52	
Ничего
269
AR
Federico Martin Ravchina	
51	
Ничего
270
KG
Mederbek Begmatov	
51	
Ничего
271
ME
Lazar Radinovic	
47	
Ничего
272
ME
Luka Bulatovic	
44	
Ничего
273
PT
Mauro Mesquita	
38	
Ничего
274
CY
Marios Hadjimichael	
36	
Ничего
275
GE
Ani Margvelashvili	
34	
Ничего
276
AZ
Rashid Gaziyev	
27	
Ничего
277
IE
Thomas Anthony Dunne	
27	
Ничего
278
TJ
Ulugbek Kurbonov	
27	
Ничего
279
IE
Donncha O Cearbhaill	
26	
Ничего
280
CY
Elias Galiounas	
26	
Ничего
281
GH
Elias Konadu Awudu	
26	
Ничего
282
SY
Wael Abd Munem Amayri	
26	
Ничего
283
NO
Jonas Sandberg	
21	
Ничего
284
ME
Kosta Pavlovic	
19	
Ничего
285
NG
Bindir Umar	
10	
Ничего
286
MO
Chin Seng Fu	
10	
Ничего
287
VE
Johnatan Ernesto Gonzalez Rodas	
10	
Ничего
288
VE
Eduardo Jose Moreno Correa	
9	
Ничего
289
AR
Isaias Emanuel Brunet	
9	
Ничего
290
TJ
Shidfar Khadi-Zade	
9	
Ничего
291
NG
Aghogho Premobowei Etibo	
0	
Ничего
292
NG
Alexander Abu Benjamin	
0	
Ничего
293
CY
Antonis Pishias	
0	
Ничего
294
AE
Arif Ismail Alrais	
0	
Ничего
295
TM
Dovran Nurgeldiyev	
0	
Ничего
296
KW
Khaled Mohammad Alhendi	
0	
Ничего
297
AL
Mikele Shtembari	
0	
Ничего
298
TM
Muhammet Hudayberdiyev	
0	
Ничего
299
VE
Rafael Agustin Perez Mendoza	
0	
Ничего
300
AE
Rashed Haroon Saleh	
0	
Ничего
301
AE
Rashid Ali Abdulrahman	
0	
Ничего
302
NG
Salihi Abdullahi	
0	
Ничего
303
AE
Sultan Abdullah Alshehhi	
0	
Ничего
304
AZ
Tahir Alizade	
0	
Ничего
305
KW
Talal Alsheqaih	
0	
Ничего
306
AL
Teodor Rupi	
0	
Ничего
307
KW
Yaqoub Adel Alyakoub	
0
Ничего
