1
AU
Ishraq Huda	
600	
Gold
2
US
Scott Wu	
600	
Gold
3
CN
Yinzhan Xu	
600	
Gold
4
RU
Nikolay Kalinin	
556	
Gold
5
AU
Oliver Fisher	
530	
Gold
6
US
Steven Hao	
525	
Gold
7
CN
Dingli Yu	
516	
Gold
8
CN
Honghua Dong	
516	
Gold
9
CN
Yang Shen	
503	
Gold
10
BG
Encho Mishinev	
502	
Gold
11
GE
Nikoloz Svanidze	
502	
Gold
12
US
Joshua Brakensiek	
493	
Gold
13
TW
Po-En Chen	
489	
Gold
14
MX
Diego Alonso Roque Montoya	
477	
Gold
15
CA
Jacob Jackson	
476	
Gold
16
IN
Akshat Bubna	
472	
Gold
17
US
Andrew He	
472	
Gold
18
IR
MohammadAmin Khashkhashi Moghaddam	
472	
Gold
19
JP
Yuta Takaya	
472	
Gold
20
RO
Rare? Darius Buhai	
458	
Gold
21
KR
Jeehak Yoon	
457	
Gold
22
TH
Theemathas Chirananthavat	
456	
Gold
23
RU
Nikita Sivukhin	
454	
Gold
24
IR
AmirMohsen Ahanchi Markaz	
449	
Gold
25
DE
Felix Bauckholt	
449	
Gold
26
BG
Hristo Venev	
449	
Gold
27
PL
Jaroslaw Kwiecien	
449	
Gold
28
SG
Jiahai Feng	
449	
Gold
29
TH
Phoomraphee Luenam	
449	
Gold
30
SG
Ranald Yun Shao Lam	
449	
Gold
31
KR
Seokhwan Choi	
449	
Gold
32
HK
Ting Fung Lau	
449	
Gold
33
LV
Aleksejs Zajakins	
447	
Silver
34
SK
Eduard Batmendijn	
437	
Silver
35
IN
Malvika Raj Joshi	
437	
Silver
36
AU
Michael Chen	
435	
Silver
37
KR
Sunghyeon Jo	
433	
Silver
38
TW
Yi Chou	
432	
Silver
39
SE
Johan Sannemo	
428	
Silver
40
JP
Hirotaka Isa	
423	
Silver
41
IL
Ohad Klein	
423	
Silver
42
TW
Po-Chang Chen	
423	
Silver
43
TW
Tzu-Peng Wang	
423	
Silver
44
VN
Quang Dung Nguyen	
421	
Silver
45
SG
Kwang Hui Mark Theng	
416	
Silver
46
JP
Ken Ogura	
414	
Silver
47
IR
Mojtaba FayazBakhsh	
414	
Silver
48
TR
Semih Basr?k	
413	
Silver
49
RS
Dimitrije Erdeljan	
399	
Silver
50
AM
Eduard Grigoryan	
398	
Silver
51
RO
Alexandru Velea	
391	
Silver
52
RS
Marko Stankovic	
391	
Silver
53
HK
Kam Chuen Tung	
390	
Silver
54
BG
Momchil Peychev	
389	
Silver
55
RU
Konstantin Semenov	
388	
Silver
56
PL
Michal Glapa	
388	
Silver
57
SK
Bui Truc Lam	
381	
Silver
58
RO
Andrei Heidelbacher	
378	
Silver
59
HR
Mislav Balunovic	
378	
Silver
60
HR
Dominik Gleich	
375	
Silver
61
FI
Kalle Luopajarvi	
375	
Silver
62
UA
Ilya Shevchenko	
371	
Silver
63
SK
Mario Lipovsky	
369	
Silver
64
RU
Nikita Uvarov	
365	
Silver
65
FI
Sami Kalliomaki	
365	
Silver
66
KZ
Miras Myrzakerey	
364	
Silver
67
IR
Elyad Ramezani	
359	
Silver
68
BR
Arthur Ferreira do Nascimento	
355	
Silver
69
MK
Bojan Serafimov	
355	
Silver
70
BR
Mateus Bezrutchka	
355	
Silver
71
SY
Hasan Jaddouh	
351	
Silver
72
LV
Aleksejs Popovs	
349	
Silver
73
AU
Ray Li	
348	
Silver
74
VN
Hoang Anh Phuc Ngo	
346	
Silver
75
TR
Muhammed Emin Ayar	
346	
Silver
76
IT
Francesco Milizia	
341	
Silver
77
SI
Vid Kocijan	
341	
Silver
78
LV
Kristaps Civkulis	
340	
Silver
79
CZ
Jan-Sebastian Fabik	
338	
Silver
80
AM
Mushegh Shahinyan	
338	
Silver
81
BR
Arthur Pratti Dadalto	
330	
Silver
82
BY
Aliaksei Vistiazh	
323	
Silver
83
EE
Oliver-Matis Lill	
323	
Silver
84
KZ
Ulugbek Adilbekov	
323	
Silver
85
TH
Pichayut Liamthong	
322	
Bronze
86
LT
Mantas Pajarskas	
321	
Bronze
87
CZ
Ondrej Hubsch	
321	
Bronze
88
AT
Gary Ye	
320	
Bronze
89
PL
Stanislaw Barzowski	
320	
Bronze
90
KZ
Daniyar Maminov	
319	
Bronze
91
GE
Elene Machaidze	
319	
Bronze
92
MK
Vasil Kuzevski	
319	
Bronze
93
IL
Tom Kalvari	
318	
Bronze
94
SE
Aron Granberg	
315	
Bronze
95
MY
Si Wei How	
312	
Bronze
96
TH
Krittisak Chaiyakul	
306	
Bronze
97
RO
Mihai-Dan Gheorghe	
306	
Bronze
98
BY
Barbara Kuskova	
298	
Bronze
99
TR
Abdullah Enes Oncu	
297	
Bronze
100
HK
Lik Hang Poon	
297	
Bronze
101
DE
Manuel Gundlach	
297	
Bronze
102
CZ
Martin Raszyk	
297	
Bronze
103
HK
Wai Pan Yik	
297	
Bronze
104
VN
Xuan Viet Do	
297	
Bronze
105
HU
Kristof Somogyvari	
296	
Bronze
106
UA
Mykhailo Babenko	
296	
Bronze
107
AM
Tigran Galstyan	
296	
Bronze
108
CA
Yikuan Li	
296	
Bronze
109
VN
Tien Trung Kien Nguyen	
295	
Bronze
110
MX
Jordan Fernando Alexander	
288	
Bronze
111
SK
Michal Korbela	
287	
Bronze
112
HR
Mislav Bradac	
284	
Bronze
113
BY
Dzmitry Dzemidka	
280	
Bronze
114
RS
Ivan Stosic	
280	
Bronze
115
NO
Johan Sokrates Wind	
278	
Bronze
116
PL
Albert Citko	
275	
Bronze
117
ID
Alfonsus Raditya Arsadjaja	
273	
Bronze
118
FR
David Cheikhi	
272	
Bronze
119
MK
Kliment Serafimov	
265	
Bronze
120
ID
Muhammad Rais Fathin Mudzakir	
265	
Bronze
121
GB
Ralph Linden	
265	
Bronze
122
SI
Patrik Zajec	
264	
Bronze
123
ZA
Ulrik De Muelenaere	
264	
Bronze
124
CA
Zihao Zhang	
264	
Bronze
125
IE
Richard Tynan	
257	
Bronze
126
FR
Lucas Pesenti	
255	
Bronze
127
IL
Ron Ryvchin	
254	
Bronze
128
MY
Yun Kai Lim	
254	
Bronze
129
LT
Domantas Jadenkus	
252	
Bronze
130
MX
Daniel Talamas Cano	
246	
Bronze
131
FI
Henrik Lievonen	
246	
Bronze
132
DE
Gregor Matl	
245	
Bronze
133
DE
Philip Wellnitz	
244	
Bronze
134
KR
Changsu Lee	
242	
Bronze
135
GE
Georgy Skhirtladze	
240	
Bronze
136
ID
Zamil Majdy	
240	
Bronze
137
BR
Michel Rozenberg Zelazny	
238	
Bronze
138
TR
Halil Ozan Akgul	
237	
Bronze
139
GR
Dimitrios Los	
236	
Bronze
140
SE
Joakim Blikstad	
236	
Bronze
141
CH
Benjamin Schmid	
235	
Bronze
142
JP
Ryoma Sato	
231	
Bronze
143
AT
Florian Leimgruber	
230	
Bronze
144
ID
Stefano Chiesa Suryanto	
230	
Bronze
145
UA
Andrii Selivanov	
229	
Bronze
146
IL
Nir Yaron	
229	
Bronze
147
ES
Enric Boix Adsera	
228	
Bronze
148
AM
Sparik Hayrapetyan	
228	
Bronze
149
NZ
Alan Ansell	
227	
Bronze
150
GR
Aristofanis Rontogiannis	
227	
Bronze
151
MD
Victor Ciuntu	
224	
Bronze
152
LU
Gilles Englebert	
223	
Bronze
153
NL
Jorn Rowan Hoofwijk	
223	
Bronze
154
TM
Bayram Berdiyev	
221	
None
156
IN
Pushkar Mishra	
221	
Ничего
157
MN
Enkhsanaa Natsagdorj	
220	
Ничего
158
RS
Andrej Ivaskovic	
218	
Ничего
159
BD
Bristy Sikder	
216	
Ничего
160
AT
Peter Ralbovsky	
216	
Ничего
161
CY
Michalis Psalios	
215	
Ничего
162
KZ
Nurlan Zhussipov	
210	
Ничего
163
FR
Tomas Rigaux	
210	
Ничего
164
CA
Yi Xiao Zhang	
208	
Ничего
165
TJ
Mekhrubon Turaev	
205	
Ничего
166
BD
Labib Md. Rashid	
202	
Ничего
167
GE
Nika Nadiradze	
202	
Ничего
168
EE
Andres Unt	
201	
Ничего
169
HR
Tonko Sabolcec	
200	
Ничего
170
CH
Fabian Lyck	
196	
Ничего
171
BA
Rijad Muminovic	
195	
Ничего
172
TJ
Abduqodiri Qurbonzoda	
194	
Ничего
173
IT
Gaspare Ferraro	
194	
Ничего
174
HU
Marton Erdos	
190	
Ничего
175
NO
Fredrik Ostrem	
189	
Ничего
176
GB
Cheng Sun	
187	
Ничего
177
LV
Ingus Janis Pretkalnins	
187	
Ничего
178
CZ
Dominik Smrz	
186	
Ничего
179
SY
Hussain Kara Fallah	
186	
Ничего
180
MX
Carlos Galeana Hernandez	
183	
Ничего
181
IT
Alessio Mazzetto	
182	
Ничего
182
SE
Emma Nimstad	
181	
Ничего
183
UA
Andrii Omelianenko	
179	
Ничего
184
BE
Damien Galant	
174	
Ничего
185
MY
Fu Yong Quah	
171	
Ничего
186
ES
Gerard Orriols Gimenez	
171	
Ничего
187
EG
Mohamed Essam	
171	
Ничего
188
HU
Szilveszter Szekely	
171	
Ничего
189
ES
Cesc Folch Aldehuelo	
169	
Ничего
190
BD
Hasib Al Muhaimin	
167	
Ничего
191
MD
Ion Mosnoi	
165	
Ничего
192
NL
Jonathan Heek	
164	
Ничего
193
FR
Arthur Leonard	
163	
Ничего
194
SI
Ziga Zeljko	
163	
Ничего
195
MD
Anatolii Guzovatii	
157	
Ничего
196
SG
Xinyu Wu	
156	
Ничего
197
NZ
Christopher Brown	
155	
Ничего
198
TJ
Dzhamshed Khaitov	
155	
Ничего
199
GR
Georgios Christoglou	
146	
Ничего
200
SY
Joud Zouzou	
146	
Ничего
201
FI
Petteri Timonen	
146	
Ничего
202
SY
Aleksandar Abas	
145	
Ничего
203
HU
Ambrus Weisz	
144	
Ничего
204
CY
Angelos Pelecanos	
144	
Ничего
205
IE
Daniel Mulcahy	
143	
Ничего
206
MY
Jia Jen Ng	
140	
Ничего
207
CY
Adamos Ttofari	
139	
Ничего
208
TM
Silap Aliyev	
139	
Ничего
209
TN
Ahmed Bouhoula	
138	
Ничего
210
IN
Nihal Pednekar	
138	
Ничего
211
AT
Matthias Plasser	
132	
Ничего
212
NL
Noah Goldsmid	
129	
Ничего
213
TJ
Doro Umarov	
126	
Ничего
214
IE
Conor Griffin	
125	
Ничего
215
MD
Marcel Bezdrighin	
125	
Ничего
216
DK
Carl Dybdahl	
118	
Ничего
217
ZA
Thomas Orton	
115	
Ничего
218
ME
Dejan Todorovic	
111	
Ничего
219
NL
Michiel Siebe Visser	
109	
Ничего
220
GB
Thomas Hartley	
109	
Ничего
221
LK
Mudith Witharamalage	
108	
Ничего
222
ZA
Shaylan Lalloo	
108	
Ничего
223
LU
Bob Weinand	
106	
Ничего
224
NZ
Byung Hoon Cho	
106	
Ничего
225
CL
Nicolas Mosnaim	
105	
Ничего
226
CH
Timon Stampfli	
105	
Ничего
227
AZ
Elgun Jabrayilzade	
104	
Ничего
228
CY
Andreas Theocharous	
103	
Ничего
229
LT
Kasparas Masiukas	
103	
Ничего
230
CU
Lino Javier Megret Almaguer	
103	
Ничего
231
BE
Jorik Jooken	
101	
Ничего
232
PT
Pedro Silva	
101	
Ничего
233
CH
Raphael Fischer	
100	
Ничего
234
EG
Ahmed Morsy	
98	
Ничего
235
AR
Lucas Bekier	
98	
Ничего
236
AR
Gianni Weinand	
94	
Ничего
237
MO
Hou In Hoi	
94	
Ничего
238
DK
Michael Vesterli	
94	
Ничего
239
AR
Roman Castellarin	
90	
Ничего
240
EE
Simmo Saan	
90	
Ничего
241
MN
Tamir Boldbaatar	
90	
Ничего
242
EE
Siim Sammul	
89	
Ничего
243
BD
Tanmoy Mollik	
89	
Ничего
244
AR
Brian Bokser	
88	
Ничего
245
ES
Oscar Grove Valero	
88	
Ничего
246
LK
Sadeep Weerasinghe	
87	
Ничего
247
MN
Javkhlan Batsaikhan	
86	
Ничего
248
BE
Damien Gonze	
84	
Ничего
249
AZ
Tahir Alizade	
84	
Ничего
250
BA
Muhamed Paric	
83	
Ничего
251
IT
Andrea Scotti	
82	
Ничего
252
CO
Juan Bedoya	
79	
Ничего
253
PT
Pedro Amaro	
79	
Ничего
254
CL
Robinson Alexis Castro Fernandez	
79	
Ничего
255
GB
Yuren Zhang	
79	
Ничего
256
BE
Robbe Derks	
78	
Ничего
257
CO
Juan Chaves	
77	
Ничего
258
CL
Lucas Cabello	
76	
Ничего
259
PT
Goncalo Paredes	
75	
Ничего
260
BG
Stefan Ivanov	
75	
Ничего
261
BA
Elvir Crncevic	
74	
Ничего
262
NO
Fredrik Aleksander Anfinsen	
74	
Ничего
263
CL
Nicolas Mariangel	
74	
Ничего
264
TN
Abderrahman Masmoudi	
71	
Ничего
265
LU
Jo Pletsch	
71	
Ничего
266
KG
Sagynbek Kenzhebaev	
71	
Ничего
267
LU
Ben Weber	
68	
Ничего
268
MK
Filip Bedjovski	
65	
Ничего
269
EG
Nouran AbdElAziz	
63	
Ничего
270
NZ
Tate Kennington	
63	
Ничего
271
MO
Weng Wa Un	
63	
Ничего
272
BO
Mauricio Wilde Monasterios	
62	
Ничего
273
TM
Bayram Guvanjov	
60	
Ничего
274
DK
Anton Christensen	
59	
Ничего
275
GR
Georgios Venizelos	
59	
Ничего
276
SI
Simon Weiss	
58	
Ничего
277
TN
Ilyes Kaak	
57	
Ничего
278
EG
Yara AbdElLatif	
53	
Ничего
279
KG
Erkin Matkaziev	
52	
Ничего
280
ME
Petar Milosavljevic	
50	
Ничего
281
AZ
Aliagha Shirinov	
49	
Ничего
282
LK
Roshnal Lihinikadu	
49	
Ничего
283
BO
Javier Moises Vela Guzman	
45	
Ничего
284
PT
Joao Rocha	
44	
Ничего
285
KG
Kadyrbek Narmamatov	
44	
Ничего
286
MO
Si Weng Lam	
44	
Ничего
287
IE
Aron Hoffmann	
44	
Ничего
288
JO
Bashar Al-Atoum	
43	
Ничего
289
LT
Gustas Mockus	
43	
Ничего
290
BA
Nikola Ninkovic	
43	
Ничего
291
AZ
Fateh Ibrahimli	
41	
Ничего
292
TN
Moez Ezzeddine	
39	
Ничего
293
MO
Pak Lon Ip	
36	
Ничего
294
JO
Jamal Sa'd	
33	
Ничего
295
MN
Battulga Tsogtgerel	
31	
Ничего
296
BO
Isabella Stefany Defilippis Villarroel	
31	
Ничего
297
LK
Nisal Periyapperuma	
31	
Ничего
298
NO
Havard Terland	
28	
Ничего
299
VE
Jorge Taoufik Khabazze Maspero	
28	
Ничего
300
CO
Daniel Bocanegra	
26	
Ничего
301
JO
Jood Hajeer	
26	
Ничего
302
ME
Petar Djerkovic	
25	
Ничего
303
KG
Ruslan Rakhimov	
16	
Ничего
304
LY
Ali Elforjani	
10	
Ничего
305
BO
Ronaldo Franco Jaldin	
8	
Ничего
306
TM
Charymyrat Yollyyev	
5	
Ничего
307
LY
Safwan Bouna	
5	
Ничего
308
NG
Emmanuel Opeke Ameh	
0	
Ничего
309
LY
Hussain Alwalid	
0	
Ничего
310
JO
Laith Alnaser	
0	
Ничего
311
NG
PrinceWill Chukwuemeka Okoroafor	
0	
Ничего
