1
CN
Mingyang Deng	
600	
Gold
2
CN
Yi Qian	
537	
Gold
3
CN
Chenxin Dai	
505	
Gold
4
CN
Haoxiang Yu	
497	
Gold
5
US
Rain Jiang	
479	
Gold
6
JP
Ryomei Sugai	
475	
Gold
7
KR
Ditbul Ban	
474	
Gold
8
SG
Ashley Aragorn Khoo	
472	
Gold
9
CA
Zixiang Zhou	
470	
Gold
10
HK
Harris Leung	
445	
Gold
11
SK
Matej Urban	
443	
Gold
12
US
Siyong Huang	
440	
Gold
13
NL
Marco Meijer	
439	
Gold
14
HR
Dorijan Lendvaj	
432	
Gold
15
PL
Jan Strzeszynski	
416	
Gold
16
HR
Patrick Pavic	
415	
Gold
17
RO
Ioan Popescu	
414	
Gold
18
US
Timothy Feng	
414	
Gold
19
RU
Egor Lifar	
412	
Gold
20
RU
Mikhail Budnikov	
412	
Gold
21
IR
Alireza Keshavarz Hedayati	
403	
Gold
22
CH
Joel Huber	
390	
Gold
23
SG
Shen Xing Yang	
390	
Gold
24
RU
Timofei Fedoseev	
389	
Gold
25
UA
Oleh Naver	
382	
Gold
26
CZ
Jiri Kalvoda	
380	
Gold
27
TW
Ping-Hsuan Lin	
378	
Gold
28
JP
Daiki Kodama	
376	
Gold
29
ID
Pikatan Arya Bramajati	
376	
Gold
30
SG
Tan Si Jie	
373	
Gold
31
KR
Junhyuk Song	
371	
Silver
32
CA
Allen Pei	
357	
Silver
33
IR
Alireza Kaviani	
353	
Silver
34
UA
Andrii Kovryhin	
353	
Silver
35
TW
Hsin-Wei Hou	
353	
Silver
36
IR
Ali Safary	
351	
Silver
37
IR
Ali Shahali	
351	
Silver
38
TW
Elliot En-Yi Liu	
347	
Silver
39
PL
Antoni Buraczewski	
344	
Silver
40
TW
Chen-Kai Chang	
344	
Silver
41
VN
Phat Ho Ngoc Vinh	
342	
Silver
42
JP
Yuto Watanabe	
342	
Silver
43
PL
Bartlomiej Czarkowski	
341	
Silver
44
CA
Christopher Trevisan	
340	
Silver
45
BG
Martin Kopchev	
339	
Silver
46
VN
Bao Truong Van Quoc	
337	
Silver
47
US
Richard Qi	
336	
Silver
48
JP
Rintaro Matsuo	
336	
Silver
49
KR
Seohyun Choi	
336	
Silver
50
MO
Cheng U Ian	
332	
Silver
51
RU
Danila Usachev	
332	
Silver
52
IN
Kshitij Sodani	
330	
Silver
53
IN
Udit Sanghi	
330	
Silver
54
IT
Filippo Casarin	
329	
Silver
55
SG
Tan Yi Kai	
328	
Silver
56
BG
Viktor Kozhuharov	
328	
Silver
57
MN
Nyamdavaa Amar	
324	
Silver
58
ID
Nicholas Patrick	
322	
Silver
59
SI
Benjamin Bajd	
319	
Silver
60
SK
Adam Rajsky	
318	
Silver
61
BG
Andon Todorov	
317	
Silver
62
ID
Rama Aryasuta Pangestu	
317	
Silver
63
FI
Henrik Aalto	
315	
Silver
64
HK
Man Tsung Yeung	
315	
Silver
65
TJ
Muhammadjon Hokimiyon	
315	
Silver
66
TR
Ege Kabasakaloglu	
313	
Silver
67
VN
Huy Le Quang	
311	
Silver
68
HU
Gellert Toth	
308	
Silver
69
VN
Vu Nguyen Hoang	
308	
Silver
70
RS
Mateja Vukelic	
305	
Silver
71
UA
Kostiantyn Savchuk	
304	
Silver
72
BD
Mamnoon Siam	
302	
Silver
73
HR
Vito Anic	
302	
Silver
74
BR
Yan Matheus Tavares e Silva	
302	
Silver
75
BR
Luiz Henrique Yuji Delgado Oda	
301	
Silver
76
BY
Stanislau Damasevich	
301	
Silver
77
ID
Edbert Geraldy Cangdinata	
300	
Silver
78
IL
Yanir Edri	
300	
Silver
79
SG
Lim Rui Yuan	
298	
Silver
80
BD
Farhan Ahmad	
297	
Silver
81
RO
Tiberiu-Ioan Mu?at	
297	
Silver
82
IT
Tommaso Dossi	
297	
Silver
83
IL
Gonen Gazit	
292	
Silver
84
SI
Matija Likar	
292	
Silver
85
FI
Juho Roysko	
290	
Silver
86
AM
Aleksandr Abelyan	
289	
Silver
87
HK
Chong Ho Hsieh	
289	
Silver
88
HK
Lingrui Xie	
289	
Silver
89
IE
Suneet Mahajan	
289	
Silver
90
SE
Herman Lauenstein	
288	
Bronze
91
BR
Carolina Moura	
286	
Bronze
92
CU
Manuel Dario Oliver Ballesteros	
286	
Bronze
93
PH
Vincent Dela Cruz	
285	
Bronze
94
SA
Fares Basuni	
280	
Bronze
95
BY
Andrei Kastsiany	
277	
Bronze
96
RO
Alexandru Luchianov	
275	
Bronze
97
AZ
Aziz Huseynov	
275	
Bronze
98
AU
James King	
275	
Bronze
99
TR
Olcay Oransoy	
275	
Bronze
100
IL
Yoav Katz	
275	
Bronze
101
DE
Marc Strufe	
273	
Bronze
102
AM
Emil Kostanyan	
271	
Bronze
103
KZ
Жамбыл Максотов 
268	
Bronze
104
SG
Yue Chen Li	
267	
Bronze
105
EE
Andres Alumets	
265	
Bronze
106
BY
Dzianis Lahunou	
263	
Bronze
107
NO
Magnus Hegdahl	
263	
Bronze
108
CY
Charalampos Georgiou	
262	
Bronze
109
CA
Thomas Guo	
262	
Bronze
110
AU
Evan Lin	
261	
Bronze
111
KG
Islam Davletov	
261	
Bronze
112
SE
Victor Vatn	
260	
Bronze
113
FR
Oscar Fischler	
255	
Bronze
114
KZ
Mansur Mukimbekov	
254	
Bronze
115
CZ
Viktor Fukala	
253	
Bronze
116
KZ
Ашуров Альтаир 
252	
Bronze
117
KG
Artur Aidarov	
252	
Bronze
118
SI
Domen Hocevar	
252	
Bronze
119
LT
Modestas Gujis	
252	
Bronze
120
BR
Pedro Shinzato Chen	
252	
Bronze
121
PH
Raphael Dylan Dalida	
251	
Bronze
122
RS
Jovan Bengin	
250	
Bronze
123
KR
Taehwan Jang	
250	
Bronze
124
SG
James Sng	
250	
Bronze
125
GB
Erekle Roinishvili	
249	
Bronze
126
MY
Hua Zhi Vee	
248	
Bronze
127
FR
Justin Cahuzac	
246	
Bronze
128
HR
Kresimir Nezmah	
246	
Bronze
129
AT
Matthias Pleschinger	
245	
Bronze
130
CZ
Ondrej Sladky	
245	
Bronze
131
SE
Olle Lapidus	
242	
Bronze
132
IN
Pranjal Srivastava	
242	
Bronze
133
RS
Aleksandar Visnjic	
240	
Bronze
134
LT
Dovydas Vadisius	
239	
Bronze
135
GB
James Tan	
237	
Bronze
136
HU
Kornel Szabo	
236	
Bronze
137
LT
Aldas Lenksas	
233	
Bronze
138
ZA
Andi Qu	
233	
Bronze
139
PH
Frederick Ivan Tan	
232	
Bronze
140
RO
Mircea Donciu	
229	
Bronze
141
BD
Md Nafis Ul Haque Shifat	
228	
Bronze
142
EG
Osama Alkhodairy	
226	
Bronze
143
NL
Andy van Horssen	
225	
Bronze
144
KG
Daniyar Beishekeev	
225	
Bronze
145
TH
Kanin Suphap	
225	
Bronze
146
KZ
Сахмолдин Мухаммадариф 
225	
Bronze
147
GE
Giorgi Nadareishvili	
224	
Bronze
148
MY
Kwong Weng Loh	
223	
Bronze
149
MO
Tong Sam Zheng	
222	
Bronze
150
GB
Antoni Pilat	
220	
Bronze
151
IT
Davide Bartoli	
220	
Bronze
152
IL
Lior Yehezkely	
220	
Bronze
153
TR
Yusuf Onur Usumez	
220	
Bronze
154
IE
Oisin Davey	
217	
Bronze
155
MD
Victor Purice	
216	
Bronze
156
LV
Matiss Kristins	
215	
Bronze
157
IT
Valerio Stancanelli	
214	
Bronze
158
BD
Arman Ferdous	
213	
Bronze
159
AZ
Said Nasibov	
213	
Bronze
160
KG
Tengiz Bekkoyonov	
213	
Bronze
161
CY
Demetris Chrysostomou	
210	
Bronze
162
BG
Rumen Mihov	
210	
Bronze
163
MY
Shao Qian Chew	
210	
Bronze
164
SK
Eliska Macakova	
209	
Bronze
165
BY
Ilya Kuchynski	
209	
Bronze
166
EE
Marko Tsengov	
208	
Bronze
167
SY
Mohammad Nour Massri	
208	
Bronze
168
EG
Hazem Issa	
207	
Bronze
169
HU
Peter Varga	
207	
Bronze
170
AM
Arayi Khalatyan	
206	
Bronze
171
CL
Ignacio Munoz	
206	
Bronze
172
LV
Valters Kalnins	
206	
Bronze
173
AU
Joshua Chen	
203	
Bronze
174
DE
Saleh Pourabbasi	
203	
Bronze
175
JO
Wesam Naseer	
203	
Bronze
176
BE
Zhiyi Luo	
203	
Bronze
177
SY
Antwan Dabbous	
202	
None
179
TH
Papon Lapate	
202	
Ничего
180
PL
Daniel Sobonski	
201	
Ничего
181
IN
Aditya Jain	
200	
Ничего
182
GE
Archil Basadzishvili	
200	
Ничего
183
CH
Josia John	
200	
Ничего
184
UA
Maksym Tur	
200	
Ничего
185
BA
Benjamin Mujkic	
199	
Ничего
186
GE
Luka Mosiashvili	
199	
Ничего
187
PS
Nicola Abusaad	
198	
Ничего
188
LK
Sithija Abhishek Kotuwewatta	
198	
Ничего
189
MY
Je Qin Chooi	
197	
Ничего
190
SG
Yaw Chur Zhe	
196	
Ничего
191
AZ
Amin Jalilov	
195	
Ничего
192
MK
Andrej Shekerov	
195	
Ничего
193
MX
Jose Angel Cazares Torres	
195	
Ничего
194
DE
Lucas Schwebler	
195	
Ничего
195
AT
Sebastian Schulze	
195	
Ничего
196
NZ
Nicholas Grace	
191	
Ничего
197
PT
Tiago Marques	
191	
Ничего
198
SI
Lan Sevcnikar	
190	
Ничего
199
DE
Bumjun Kim	
189	
Ничего
200
EG
Mohamed Bakry	
189	
Ничего
201
TJ
Shakhrom Aminov	
189	
Ничего
202
TM
Suleyman Atayev	
189	
Ничего
203
TH
Pakarin Leetrairong	
188	
Ничего
204
FR
Alice Tosel	
187	
Ничего
205
TN
Amine Oueslati	
187	
Ничего
206
LT
Augustinas Jucas	
187	
Ничего
207
MN
Belgutei Byambadorj	
187	
Ничего
208
UZ
Dilshodbek Khujaqulov	
187	
Ничего
209
CH
Ema Skottova	
187	
Ничего
210
TM
Gurbanberdi Gulladyyev	
187	
Ничего
211
EE
Jaagup Tamme	
187	
Ничего
212
PT
Pedro Costa	
187	
Ничего
213
MX
Victor Armando Jaramillo Moreno	
187	
Ничего
214
EG
Ahmad Moursi	
186	
Ничего
215
MN
Bilguudei Shinezul	
186	
Ничего
216
DK
Thor Eriksen	
185	
Ничего
217
CU
Alain David Escarra Garcia	
184	
Ничего
218
SY
Ali Mansour	
184	
Ничего
219
ES
Dario Martinez Ramirez	
184	
Ничего
220
MD
Mihai Spinei	
183	
Ничего
221
PH
Steven Reyes	
183	
Ничего
222
CH
Alberts Reisons	
181	
Ничего
223
ES
Bernat Pages Vives	
181	
Ничего
224
MD
Stanislav Brega	
181	
Ничего
225
BA
Admir Zatega	
180	
Ничего
226
LV
Ansis Gustavs Andersons	
180	
Ничего
227
DK
Elias Lolck	
180	
Ничего
228
SK
Jakub Konc	
180	
Ничего
229
TN
Amine Trabelsi	
177	
Ничего
230
GE
Giorgi Kobakhia	
177	
Ничего
231
CU
Alberto Leyva Guerra	
174	
Ничего
232
MA
Ayman Riad Solh	
174	
Ничего
233
UZ
Azimjon Urinov	
174	
Ничего
234
MN
Bat-Erdene Batsukh	
174	
Ничего
235
SY
Beshr Islam Bouli	
174	
Ничего
236
TJ
Dilshod Imomov	
174	
Ничего
237
AZ
Emin Orujov	
174	
Ничего
238
AR
Lucas Hernan Tarche	
174	
Ничего
239
AR
Matias Ezequiel Raimundez	
174	
Ничего
240
BO
Nicolas Mateo Valdivia Viscarra	
174	
Ничего
241
PS
Sohaib Sawalha	
174	
Ничего
242
AR
Ulises Lopez Pacholczak	
174	
Ничего
243
FR
Charles Dai	
172	
Ничего
244
AU
Brynly Mitchell	
171	
Ничего
245
RS
Filip Bojkovic	
170	
Ничего
246
MK
Marko Tanevski	
170	
Ничего
247
CY
Christos Falas	
169	
Ничего
248
ME
Matija Delic	
169	
Ничего
249
TH
Thitrin Sastarasadhit	
169	
Ничего
250
LV
Artis Vijups	
166	
Ничего
251
TN
Louay Farah	
166	
Ничего
252
LU
Prem Jagadeesh	
166	
Ничего
253
CL
Diego Arias	
164	
Ничего
254
GR
Markos Radaios	
164	
Ничего
255
PS
Roba Katout	
164	
Ничего
256
MK
Blagojche Pavleski	
163	
Ничего
257
TR
Cengiz Eray Aslan	
163	
Ничего
258
NO
Christoffer Tryggestad	
163	
Ничего
259
AR
Joaquin Pablo Cruz	
163	
Ничего
260
GR
Panagiotis Liampas	
162	
Ничего
261
GB
Benedek Szilvasy	
161	
Ничего
262
MX
Fernanda Sarahy Mancilla Nunez	
159	
Ничего
263
SA
Mohammed Alsaad	
159	
Ничего
264
NZ
Qiushi Chen	
159	
Ничего
265
BE
Vladislav Morozov	
159	
Ничего
266
NZ
Benjamin Smith	
158	
Ничего
267
ME
Jovan Kascelan	
158	
Ничего
268
MA
Nabil Boudra	
158	
Ничего
269
CO
Alvaro Bacca	
157	
Ничего
270
ME
Egor Georgievskii	
157	
Ничего
271
TN
Hedi Chehaidar	
157	
Ничего
272
TJ
Sherzod Sobirov	
157	
Ничего
273
CY
Theofanis Orfanou	
157	
Ничего
274
SV
Cesar Esau Flores Martinez	
156	
Ничего
275
NO
Andreas Alberg	
153	
Ничего
276
IS
Benedikt Vilji Magnusson	
152	
Ничего
277
NZ
Zalan Varga	
152	
Ничего
278
BO
Marco Andres Cusicanqui Leon	
151	
Ничего
279
HU
Marton Nemeth	
148	
Ничего
280
MD
Alexandru Andrei	
147	
Ничего
281
ZA
Faran Steenkamp	
147	
Ничего
282
TM
Muhammetali Ashyrmuhammedov	
147	
Ничего
283
DO
Alejandro Jose Malla Martinez	
146	
Ничего
284
PT
Antonio Neves	
146	
Ничего
285
LK
Chirath Nirodha	
146	
Ничего
286
MK
Teo Kitanovski	
146	
Ничего
287
ZA
Jean Weight	
145	
Ничего
288
NO
Magnus Eide-Fredriksen	
144	
Ничего
289
NL
Vu Khoi Pham	
141	
Ничего
290
AT
Tobias Klinger	
140	
Ничего
291
MA
Aymane Moutei	
138	
Ничего
292
ME
Filip Dosljak	
138	
Ничего
293
VE
Francisco Javier Molina Tirado	
137	
Ничего
294
AM
Ani Khachatryan	
136	
Ничего
295
LK
Lakshith Nishshanke	
136	
Ничего
296
EE
Kregor Oobik	
135	
Ничего
297
CU
Carlos Rolando Morell Rodriguez	
134	
Ничего
298
DK
Daniel Birn	
134	
Ничего
299
DK
Luis Sebastian Galan	
133	
Ничего
300
CZ
Magdalena Misinova	
133	
Ничего
301
SA
Abdulmohsen Mohammedsaleh	
131	
Ничего
302
FI
Juho Arala	
131	
Ничего
303
ES
Oscar Garries Urbina	
130	
Ничего
304
BE
Petar Vitorac	
130	
Ничего
305
LU
Rafael Dux	
129	
Ничего
306
UZ
Asliddin Ismoilov	
128	
Ничего
307
BO
Daner Zein Tonconi Mendoza	
128	
Ничего
308
SV
Jose Manuel Cabrera Guardado	
127	
Ничего
309
MA
Mohamed Benomar El Mdeghri	
122	
Ничего
310
PT
Tomas Faria	
122	
Ничего
311
IE
Benjamin Murray	
120	
Ничего
312
DO
Jair Rafael Santana Benzan	
120	
Ничего
313
JO
Muhammad Saad	
120	
Ничего
314
IE
Ayushi Mahajan	
119	
Ничего
315
LU
Daniel Murphy	
119	
Ничего
316
MX
Alejandro Ozymandias Cepeda Beltran	
116	
Ничего
317
BA
Haris Imamovic	
116	
Ничего
318
TM
Dovran Akmyradov	
114	
Ничего
319
IS
Samuel Arnar Hafsteinsson	
114	
Ничего
320
VE
Diego Fernando Ortiz Tepedino	
113	
Ничего
321
SA
Humaid Alhuthali	
113	
Ничего
322
ES
Joan Cintas Navarro	
112	
Ничего
323
CO
Andres David Carranza Moreno	
111	
Ничего
324
JO
Noor Al-Shamayleh	
111	
Ничего
325
BO
Gilberto Rodrigo Pierre Gosset Gonzales	
105	
Ничего
326
SE
Abdullah Zaghmout	
103	
Ничего
327
BA
Emira Ibrahimovic	
101	
Ничего
328
SV
Gabriela Lourdes Rodriguez Parada	
99	
Ничего
329
SV
Fernando Andree Gonzalez Melendez	
96	
Ничего
330
GR
Andreas Rasvanis	
95	
Ничего
331
VE
Juan Diego Marcano Cuellar	
93	
Ничего
332
CO
Miguel Saenz	
92	
Ничего
333
NL
Daan de Groot	
87	
Ничего
334
NG
Daniel Emeka-Ilozor	
84	
Ничего
335
BE
Daniel Smolders	
84	
Ничего
336
JO
Malik Sadaqa	
79	
Ничего
337
GR
Bokis Dimitrios	
78	
Ничего
338
NG
Moyinoluwa David Orimoloye	
77	
Ничего
339
LK
Apiram Rajamohan	
75	
Ничего
340
NG
Joseph Achimugu	
75	
Ничего
341
PS
Mohammed Atalah	
75	
Ничего
342
ZA
Brent Butkow	
72	
Ничего
343
MO
Chun Ioi Chan	
72	
Ничего
344
CL
Marcelo Lemus	
65	
Ничего
345
IS
Elvar Arni Bjarnason	
62	
Ничего
346
MO
Hok Fong Wong	
57	
Ничего
347
DO
Iraira Rivera	
57	
Ничего
348
CO
Kiara Gonzalez	
57	
Ничего
349
VE
Rubdary Valentina Rojas Linarez	
56	
Ничего
350
LU
Adam Hustava	
55	
Ничего
351
AT
Thomas Wachter	
55	
Ничего
352
UZ
Magsut Yangabayev	
54	
Ничего
353
DO
Divanny Perez	
32	
Ничего
354
CL
Diego Emilio Rebollo Garcia	
24	
Ничего
355
NG
Benedict Ukwenya	
14
Ничего
